2024-06-08 18:10:02:102 [32minfo[39m: [32mServer is running on port 9000[39m
2024-06-08 18:10:04:104 [32minfo[39m: [32mServer is running on port 9000[39m
2024-06-08 18:10:06:106 [32minfo[39m: [32mServer is running on port 9000[39m
2024-06-08 18:10:07:107 [32minfo[39m: [32mServer is running on port 9000[39m
2024-06-08 18:10:30:1030 [32minfo[39m: [32mServer is running on port 9000[39m
2024-06-08 18:10:32:1032 [32minfo[39m: [32mServer is running on port 9000[39m
2024-06-08 18:10:35:1035 [32minfo[39m: [32mServer is running on port 9000[39m
2024-06-08 18:11:49:1149 [32minfo[39m: [32mServer is running on port 9000[39m
2024-06-08 18:11:51:1151 [32minfo[39m: [32mServer is running on port 9000[39m
2024-06-08 18:11:52:1152 [32minfo[39m: [32mServer is running on port 9000[39m
2024-06-08 18:11:52:1152 [32minfo[39m: [32mServer is running on port 9000[39m
2024-06-08 18:11:53:1153 [32minfo[39m: [32mServer is running on port 9000[39m
2024-06-08 18:11:54:1154 [32minfo[39m: [32mServer is running on port 9000[39m
2024-06-08 18:11:54:1154 [32minfo[39m: [32mServer is running on port 9000[39m
2024-06-08 18:11:55:1155 [32minfo[39m: [32mServer is running on port 9000[39m
2024-06-08 18:13:15:1315 [35mhttp[39m: [35m::1 POST /users 400 425 - 9.181 ms[39m
[35m[39m
2024-06-08 18:14:32:1432 [32minfo[39m: [32mServer is running on port 9000[39m
2024-06-08 18:14:35:1435 [32minfo[39m: [32mServer is running on port 9000[39m
2024-06-08 18:14:56:1456 [32minfo[39m: [32mServer is running on port 9000[39m
2024-06-08 18:15:15:1515 [35mhttp[39m: [35m::1 GET /users 500 1289 - 9.562 ms[39m
[35m[39m
2024-06-08 18:17:14:1714 [32minfo[39m: [32mServer is running on port 9000[39m
2024-06-08 18:17:20:1720 [32minfo[39m: [32mServer is running on port 9000[39m
2024-06-08 18:17:28:1728 [32minfo[39m: [32mServer is running on port 9000[39m
2024-06-08 18:17:32:1732 [35mhttp[39m: [35m::1 GET /users 401 1202 - 7.160 ms[39m
[35m[39m
2024-06-08 18:17:48:1748 [32minfo[39m: [32mServer is running on port 9000[39m
2024-06-08 18:17:55:1755 [32minfo[39m: [32mServer is running on port 9000[39m
2024-06-08 18:18:00:180 [32minfo[39m: [32mServer is running on port 9000[39m
2024-06-08 18:18:59:1859 [35mhttp[39m: [35m::1 GET /users 401 1202 - 15.371 ms[39m
[35m[39m
2024-06-08 18:19:20:1920 [32minfo[39m: [32mServer is running on port 9000[39m
2024-06-08 18:19:24:1924 [32minfo[39m: [32mServer is running on port 9000[39m
2024-06-08 18:19:27:1927 [32minfo[39m: [32mServer is running on port 9000[39m
2024-06-09 05:42:22:4222 [32minfo[39m: [32mServer is running on port 9000[39m
2024-06-09 05:42:37:4237 [32minfo[39m: [32mServer is running on port 9000[39m
2024-06-09 05:42:38:4238 [32minfo[39m: [32mServer is running on port 9000[39m
2024-06-09 05:42:43:4243 [32minfo[39m: [32mServer is running on port 9000[39m
2024-06-09 05:42:53:4253 [32minfo[39m: [32mServer is running on port 9000[39m
2024-06-09 05:42:56:4256 [32minfo[39m: [32mServer is running on port 9000[39m
2024-06-09 05:43:02:432 [32minfo[39m: [32mServer is running on port 9000[39m
2024-06-09 05:43:17:4317 [35mhttp[39m: [35m::1 GET /users 200 389 - 84.802 ms[39m
[35m[39m
2024-06-09 05:43:27:4327 [35mhttp[39m: [35m::1 GET /users 200 389 - 3.456 ms[39m
[35m[39m
2024-06-09 05:43:27:4327 [35mhttp[39m: [35m::1 GET /users 200 389 - 1.755 ms[39m
[35m[39m
2024-06-09 05:43:28:4328 [35mhttp[39m: [35m::1 GET /users 200 389 - 1.563 ms[39m
[35m[39m
2024-06-09 05:44:47:4447 [32minfo[39m: [32mServer is running on port 9000[39m
2024-06-09 05:44:49:4449 [32minfo[39m: [32mServer is running on port 9000[39m
2024-06-09 05:44:52:4452 [32minfo[39m: [32mServer is running on port 9000[39m
2024-06-09 05:44:55:4455 [32minfo[39m: [32mServer is running on port 9000[39m
2024-06-09 05:45:04:454 [32minfo[39m: [32mServer is running on port 9000[39m
2024-06-09 05:45:07:457 [32minfo[39m: [32mServer is running on port 9000[39m
2024-06-09 05:45:10:4510 [32minfo[39m: [32mServer is running on port 9000[39m
2024-06-09 05:45:13:4513 [32minfo[39m: [32mServer is running on port 9000[39m
2024-06-09 05:45:14:4514 [32minfo[39m: [32mServer is running on port 9000[39m
2024-06-09 05:45:16:4516 [32minfo[39m: [32mServer is running on port 9000[39m
2024-06-09 05:45:19:4519 [32minfo[39m: [32mServer is running on port 9000[39m
2024-06-09 05:45:23:4523 [32minfo[39m: [32mServer is running on port 9000[39m
2024-06-09 05:45:26:4526 [32minfo[39m: [32mServer is running on port 9000[39m
2024-06-09 05:45:35:4535 [32minfo[39m: [32mServer is running on port 9000[39m
2024-06-09 05:45:37:4537 [32minfo[39m: [32mServer is running on port 9000[39m
2024-06-09 05:45:40:4540 [32minfo[39m: [32mServer is running on port 9000[39m
2024-06-09 05:45:46:4546 [32minfo[39m: [32mServer is running on port 9000[39m
2024-06-09 05:46:01:461 [32minfo[39m: [32mServer is running on port 9000[39m
2024-06-09 05:46:19:4619 [32minfo[39m: [32mServer is running on port 9000[39m
2024-06-09 05:46:28:4628 [32minfo[39m: [32mServer is running on port 9000[39m
2024-06-09 05:46:36:4636 [32minfo[39m: [32mServer is running on port 9000[39m
2024-06-09 05:47:11:4711 [32minfo[39m: [32mServer is running on port 9000[39m
2024-06-09 05:47:15:4715 [32minfo[39m: [32mServer is running on port 9000[39m
2024-06-09 05:47:18:4718 [32minfo[39m: [32mServer is running on port 9000[39m
2024-06-09 05:47:29:4729 [35mhttp[39m: [35m::1 GET /users 200 389 - 35.188 ms[39m
[35m[39m
2024-06-09 05:47:29:4729 [35mhttp[39m: [35m::1 GET /users 200 389 - 2.535 ms[39m
[35m[39m
2024-06-09 05:49:30:4930 [32minfo[39m: [32mServer is running on port 9000[39m
2024-06-09 05:49:36:4936 [32minfo[39m: [32mServer is running on port 9000[39m
2024-06-09 05:49:38:4938 [32minfo[39m: [32mServer is running on port 9000[39m
2024-06-09 05:49:40:4940 [35mhttp[39m: [35m::1 GET /users 401 1361 - 6.670 ms[39m
[35m[39m
2024-06-09 05:49:49:4949 [32minfo[39m: [32mServer is running on port 9000[39m
2024-06-09 05:49:56:4956 [32minfo[39m: [32mServer is running on port 9000[39m
2024-06-09 05:50:37:5037 [32minfo[39m: [32mServer is running on port 9000[39m
2024-06-09 05:50:38:5038 [35mhttp[39m: [35m::1 GET /users 401 1368 - 8.043 ms[39m
[35m[39m
2024-06-09 05:50:39:5039 [35mhttp[39m: [35m::1 GET /users 401 1368 - 1.675 ms[39m
[35m[39m
2024-06-09 05:50:39:5039 [35mhttp[39m: [35m::1 GET /users 401 1368 - 2.450 ms[39m
[35m[39m
2024-06-09 05:51:17:5117 [32minfo[39m: [32mServer is running on port 9000[39m
2024-06-09 05:51:22:5122 [35mhttp[39m: [35m::1 GET /users 401 1368 - 7.154 ms[39m
[35m[39m
2024-06-09 05:51:22:5122 [35mhttp[39m: [35m::1 GET /users 401 1368 - 1.627 ms[39m
[35m[39m
2024-06-09 05:51:23:5123 [35mhttp[39m: [35m::1 GET /users 401 1368 - 1.660 ms[39m
[35m[39m
2024-06-09 06:51:34:5134 [32minfo[39m: [32mServer is running on port 9000[39m
2024-06-09 06:51:47:5147 [35mhttp[39m: [35m::1 GET /users 401 1503 - 10.147 ms[39m
[35m[39m
2024-06-09 06:52:35:5235 [32minfo[39m: [32mServer is running on port 9000[39m
2024-06-09 06:52:37:5237 [32minfo[39m: [32mServer is running on port 9000[39m
2024-06-09 06:52:39:5239 [32minfo[39m: [32mServer is running on port 9000[39m
2024-06-09 06:52:42:5242 [32minfo[39m: [32mServer is running on port 9000[39m
2024-06-09 06:52:45:5245 [32minfo[39m: [32mServer is running on port 9000[39m
2024-06-09 06:52:47:5247 [32minfo[39m: [32mServer is running on port 9000[39m
2024-06-09 06:53:35:5335 [32minfo[39m: [32mServer is running on port 9000[39m
2024-06-09 06:54:09:549 [32minfo[39m: [32mServer is running on port 9000[39m
2024-06-09 06:54:18:5418 [32minfo[39m: [32mServer is running on port 9000[39m
2024-06-09 06:54:53:5453 [32minfo[39m: [32mServer is running on port 9000[39m
2024-06-09 06:55:09:559 [32minfo[39m: [32mServer is running on port 9000[39m
2024-06-09 06:55:18:5518 [32minfo[39m: [32mServer is running on port 9000[39m
2024-06-09 06:55:20:5520 [32minfo[39m: [32mServer is running on port 9000[39m
2024-06-09 06:55:22:5522 [35mhttp[39m: [35m::1 GET /users 200 389 - 84.750 ms[39m
[35m[39m
2024-06-09 06:55:43:5543 [32minfo[39m: [32mServer is running on port 9000[39m
2024-06-09 06:55:45:5545 [35mhttp[39m: [35m::1 GET /users 200 389 - 30.343 ms[39m
[35m[39m
2024-06-09 06:56:01:561 [32minfo[39m: [32mServer is running on port 9000[39m
2024-06-09 06:56:14:5614 [32minfo[39m: [32mServer is running on port 9000[39m
2024-06-09 06:56:16:5616 [32minfo[39m: [32mServer is running on port 9000[39m
2024-06-09 07:03:01:31 [32minfo[39m: [32mServer is running on port 9000[39m
2024-06-09 07:16:13:1613 [32minfo[39m: [32mServer is running on port 9000[39m
2024-06-09 07:16:40:1640 [35mhttp[39m: [35m::1 GET /users 200 2 - 62.037 ms[39m
[35m[39m
2024-06-09 07:16:46:1646 [35mhttp[39m: [35m::1 GET /users 200 2 - 2.332 ms[39m
[35m[39m
2024-06-09 07:17:56:1756 [32minfo[39m: [32mServer is running on port 9000[39m
2024-06-09 07:18:59:1859 [32minfo[39m: [32mServer is running on port 9000[39m
2024-06-09 07:19:10:1910 [32minfo[39m: [32mServer is running on port 9000[39m
2024-06-09 07:19:19:1919 [32minfo[39m: [32mServer is running on port 9000[39m
2024-06-09 07:19:24:1924 [32minfo[39m: [32mServer is running on port 9000[39m
2024-06-09 07:19:29:1929 [32minfo[39m: [32mServer is running on port 9000[39m
2024-06-09 07:19:32:1932 [32minfo[39m: [32mServer is running on port 9000[39m
2024-06-09 13:09:12:912 [32minfo[39m: [32mServer is running on port 9000[39m
2024-06-09 13:09:14:914 [32minfo[39m: [32mServer is running on port 9000[39m
2024-06-09 13:12:32:1232 [35mhttp[39m: [35m::1 POST /auth/register 200 149 - 146.592 ms[39m
[35m[39m
2024-06-09 13:12:52:1252 [35mhttp[39m: [35m::1 POST /auth/register 400 1407 - 91.675 ms[39m
[35m[39m
2024-06-09 13:13:50:1350 [32minfo[39m: [32mServer is running on port 9000[39m
2024-06-09 13:13:53:1353 [32minfo[39m: [32mServer is running on port 9000[39m
2024-06-09 13:13:56:1356 [32minfo[39m: [32mServer is running on port 9000[39m
2024-06-09 13:14:00:140 [35mhttp[39m: [35m::1 POST /auth/register 400 1407 - 121.623 ms[39m
[35m[39m
2024-06-09 13:15:09:159 [32minfo[39m: [32mServer is running on port 9000[39m
2024-06-09 13:15:11:1511 [32minfo[39m: [32mServer is running on port 9000[39m
2024-06-09 13:15:13:1513 [32minfo[39m: [32mServer is running on port 9000[39m
2024-06-09 13:15:17:1517 [32minfo[39m: [32mServer is running on port 9000[39m
2024-06-09 13:15:24:1524 [32minfo[39m: [32mServer is running on port 9000[39m
2024-06-09 13:15:37:1537 [32minfo[39m: [32mServer is running on port 9000[39m
2024-06-09 13:15:51:1551 [32minfo[39m: [32mServer is running on port 9000[39m
2024-06-09 13:15:56:1556 [32minfo[39m: [32mServer is running on port 9000[39m
2024-06-09 13:15:59:1559 [32minfo[39m: [32mServer is running on port 9000[39m
2024-06-09 13:16:04:164 [32minfo[39m: [32mServer is running on port 9000[39m
2024-06-09 13:16:05:165 [32minfo[39m: [32mServer is running on port 9000[39m
2024-06-09 13:16:07:167 [35mhttp[39m: [35m::1 POST /auth/register 409 506 - 44.197 ms[39m
[35m[39m
2024-06-09 13:16:51:1651 [32minfo[39m: [32mServer is running on port 9000[39m
2024-06-09 13:16:53:1653 [35mhttp[39m: [35m::1 POST /auth/register 400 464 - 7.423 ms[39m
[35m[39m
2024-06-09 13:17:11:1711 [32minfo[39m: [32mServer is running on port 9000[39m
2024-06-09 13:17:12:1712 [35mhttp[39m: [35m::1 POST /auth/register 409 506 - 40.168 ms[39m
[35m[39m
2024-06-09 13:17:17:1717 [35mhttp[39m: [35m::1 POST /auth/register 200 139 - 84.299 ms[39m
[35m[39m
2024-06-09 13:18:30:1830 [32minfo[39m: [32mServer is running on port 9000[39m
2024-06-09 13:18:31:1831 [32minfo[39m: [32mServer is running on port 9000[39m
2024-06-09 13:18:36:1836 [32minfo[39m: [32mServer is running on port 9000[39m
2024-06-09 13:18:40:1840 [32minfo[39m: [32mServer is running on port 9000[39m
2024-06-09 13:18:43:1843 [32minfo[39m: [32mServer is running on port 9000[39m
2024-06-09 13:18:47:1847 [32minfo[39m: [32mServer is running on port 9000[39m
2024-06-09 13:19:10:1910 [32minfo[39m: [32mServer is running on port 9000[39m
2024-06-09 13:19:12:1912 [32minfo[39m: [32mServer is running on port 9000[39m
2024-06-09 13:21:38:2138 [35mhttp[39m: [35m::1 POST /auth/login 200 333 - 112.478 ms[39m
[35m[39m
2024-06-09 13:21:56:2156 [32minfo[39m: [32mServer is running on port 9000[39m
2024-06-09 13:22:00:220 [35mhttp[39m: [35m::1 POST /auth/login 200 333 - 112.312 ms[39m
[35m[39m
2024-06-09 13:22:09:229 [32minfo[39m: [32mServer is running on port 9000[39m
2024-06-09 13:22:17:2217 [32minfo[39m: [32mServer is running on port 9000[39m
2024-06-09 13:22:18:2218 [35mhttp[39m: [35m::1 POST /auth/login 200 333 - 120.675 ms[39m
[35m[39m
2024-06-09 13:22:19:2219 [35mhttp[39m: [35m::1 POST /auth/login 200 333 - 76.880 ms[39m
[35m[39m
2024-06-09 13:22:21:2221 [35mhttp[39m: [35m::1 POST /auth/login 200 333 - 78.636 ms[39m
[35m[39m
2024-06-09 13:22:26:2226 [32minfo[39m: [32mServer is running on port 9000[39m
2024-06-09 13:22:28:2228 [35mhttp[39m: [35m::1 POST /auth/login 200 322 - 110.140 ms[39m
[35m[39m
2024-06-09 13:22:34:2234 [32minfo[39m: [32mServer is running on port 9000[39m
2024-06-09 13:24:33:2433 [32minfo[39m: [32mServer is running on port 9000[39m
2024-06-09 13:24:38:2438 [32minfo[39m: [32mServer is running on port 9000[39m
2024-06-09 13:24:43:2443 [32minfo[39m: [32mServer is running on port 9000[39m
2024-06-09 13:24:48:2448 [32minfo[39m: [32mServer is running on port 9000[39m
2024-06-09 13:25:01:251 [32minfo[39m: [32mServer is running on port 9000[39m
2024-06-09 13:25:09:259 [32minfo[39m: [32mServer is running on port 9000[39m
2024-06-09 13:25:15:2515 [35mhttp[39m: [35m::1 POST /auth/login 401 1503 - 5.262 ms[39m
[35m[39m
2024-06-09 13:25:25:2525 [35mhttp[39m: [35m::1 POST /auth/login 401 1503 - 1.518 ms[39m
[35m[39m
2024-06-09 13:25:39:2539 [35mhttp[39m: [35m::1 POST /auth/login 200 322 - 127.177 ms[39m
[35m[39m
2024-06-09 13:26:05:265 [32minfo[39m: [32mServer is running on port 9000[39m
2024-06-09 13:26:08:268 [32minfo[39m: [32mServer is running on port 9000[39m
2024-06-09 13:26:14:2614 [32minfo[39m: [32mServer is running on port 9000[39m
2024-06-09 13:26:17:2617 [35mhttp[39m: [35m::1 POST /auth/login 200 660 - 139.606 ms[39m
[35m[39m
2024-06-09 13:26:42:2642 [35mhttp[39m: [35m::1 POST /auth/login 500 1389 - 6.817 ms[39m
[35m[39m
2024-06-09 13:27:01:271 [32minfo[39m: [32mServer is running on port 9000[39m
2024-06-09 13:27:02:272 [35mhttp[39m: [35m::1 POST /auth/login 200 660 - 118.359 ms[39m
[35m[39m
2024-06-09 13:27:17:2717 [32minfo[39m: [32mServer is running on port 9000[39m
2024-06-09 13:27:18:2718 [35mhttp[39m: [35m::1 POST /auth/login 200 660 - 108.334 ms[39m
[35m[39m
2024-06-09 13:28:39:2839 [32minfo[39m: [32mServer is running on port 9000[39m
2024-06-09 13:28:40:2840 [32minfo[39m: [32mServer is running on port 9000[39m
2024-06-09 13:28:46:2846 [32minfo[39m: [32mServer is running on port 9000[39m
2024-06-09 13:28:49:2849 [35mhttp[39m: [35m::1 POST /auth/login 200 660 - 119.683 ms[39m
[35m[39m
2024-06-09 13:28:51:2851 [35mhttp[39m: [35m::1 POST /auth/login 200 660 - 78.191 ms[39m
[35m[39m
2024-06-09 13:28:52:2852 [35mhttp[39m: [35m::1 POST /auth/login 200 660 - 77.904 ms[39m
[35m[39m
2024-06-09 13:28:53:2853 [35mhttp[39m: [35m::1 POST /auth/login 200 660 - 82.528 ms[39m
[35m[39m
2024-06-09 13:31:30:3130 [32minfo[39m: [32mServer is running on port 9000[39m
2024-06-09 13:31:32:3132 [32minfo[39m: [32mServer is running on port 9000[39m
2024-06-09 13:31:36:3136 [32minfo[39m: [32mServer is running on port 9000[39m
2024-06-09 13:31:37:3137 [32minfo[39m: [32mServer is running on port 9000[39m
2024-06-09 13:31:41:3141 [32minfo[39m: [32mServer is running on port 9000[39m
2024-06-09 13:31:43:3143 [32minfo[39m: [32mServer is running on port 9000[39m
2024-06-09 13:31:45:3145 [32minfo[39m: [32mServer is running on port 9000[39m
2024-06-09 13:31:51:3151 [32minfo[39m: [32mServer is running on port 9000[39m
2024-06-09 13:31:52:3152 [32minfo[39m: [32mServer is running on port 9000[39m
2024-06-09 13:31:56:3156 [32minfo[39m: [32mServer is running on port 9000[39m
2024-06-09 13:42:09:429 [32minfo[39m: [32mServer is running on port 9000[39m
2024-06-09 13:55:11:5511 [32minfo[39m: [32mServer is running on port 9000[39m
2024-06-09 13:55:26:5526 [35mhttp[39m: [35m::1 POST /auth/register 400 2613 - 101.958 ms[39m
[35m[39m
2024-06-09 13:55:32:5532 [35mhttp[39m: [35m::1 POST /auth/register 400 2613 - 5.622 ms[39m
[35m[39m
2024-06-09 13:55:33:5533 [35mhttp[39m: [35m::1 POST /auth/register 400 2613 - 4.132 ms[39m
[35m[39m
2024-06-09 13:55:34:5534 [35mhttp[39m: [35m::1 POST /auth/register 400 2613 - 3.582 ms[39m
[35m[39m
2024-06-09 13:55:36:5536 [35mhttp[39m: [35m::1 POST /auth/register 400 2613 - 3.340 ms[39m
[35m[39m
2024-06-09 13:55:37:5537 [35mhttp[39m: [35m::1 POST /auth/register 400 2613 - 2.543 ms[39m
[35m[39m
2024-06-09 13:55:47:5547 [35mhttp[39m: [35m::1 POST /auth/register 400 2613 - 11.440 ms[39m
[35m[39m
2024-06-09 13:55:57:5557 [32minfo[39m: [32mServer is running on port 9000[39m
2024-06-09 13:56:02:562 [35mhttp[39m: [35m::1 POST /auth/register 400 2613 - 42.098 ms[39m
[35m[39m
2024-06-09 13:57:02:572 [32minfo[39m: [32mServer is running on port 9000[39m
2024-06-09 13:57:10:5710 [32minfo[39m: [32mServer is running on port 9000[39m
2024-06-09 13:57:12:5712 [35mhttp[39m: [35m::1 POST /auth/register 400 464 - 6.707 ms[39m
[35m[39m
2024-06-09 13:57:27:5727 [35mhttp[39m: [35m::1 POST /auth/register - - - - ms[39m
[35m[39m
2024-06-09 13:57:28:5728 [35mhttp[39m: [35m::1 POST /auth/register 409 506 - 8.634 ms[39m
[35m[39m
2024-06-09 13:57:32:5732 [35mhttp[39m: [35m::1 POST /auth/register 409 506 - 4.545 ms[39m
[35m[39m
2024-06-09 13:57:34:5734 [35mhttp[39m: [35m::1 POST /auth/register 400 464 - 2.003 ms[39m
[35m[39m
2024-06-09 14:02:38:238 [32minfo[39m: [32mServer is running on port 9000[39m
2024-06-09 14:02:41:241 [35mhttp[39m: [35m::1 POST /auth/register 400 464 - 6.867 ms[39m
[35m[39m
2024-06-09 14:02:42:242 [35mhttp[39m: [35m::1 POST /auth/register 400 464 - 1.505 ms[39m
[35m[39m
2024-06-09 14:02:52:252 [35mhttp[39m: [35m::1 POST /auth/register - - - - ms[39m
[35m[39m
2024-06-09 14:02:53:253 [35mhttp[39m: [35m::1 POST /auth/register 409 504 - 8.446 ms[39m
[35m[39m
2024-06-09 14:02:58:258 [35mhttp[39m: [35m::1 POST /auth/register 400 1413 - 85.867 ms[39m
[35m[39m
2024-06-09 14:03:10:310 [35mhttp[39m: [35m::1 POST /auth/register - - - - ms[39m
[35m[39m
2024-06-09 17:58:53:5853 [35mhttp[39m: [35m::1 GET /users 200 884 - 82.057 ms[39m
[35m[39m
2024-06-09 18:14:36:1436 [35mhttp[39m: [35m::1 POST /auth/register 409 504 - 85.392 ms[39m
[35m[39m
2024-06-09 18:15:09:159 [32minfo[39m: [32mServer is running on port 9000[39m
2024-06-09 18:15:10:1510 [32minfo[39m: [32mServer is running on port 9000[39m
2024-06-09 18:15:13:1513 [35mhttp[39m: [35m::1 POST /auth/register 409 506 - 49.815 ms[39m
[35m[39m
2024-06-09 18:15:54:1554 [32minfo[39m: [32mServer is running on port 9000[39m
2024-06-09 18:16:44:1644 [32minfo[39m: [32mServer is running on port 9000[39m
2024-06-09 18:16:51:1651 [32minfo[39m: [32mServer is running on port 9000[39m
2024-06-09 18:16:57:1657 [35mhttp[39m: [35m::1 POST /auth/register 200 146 - 140.967 ms[39m
[35m[39m
2024-06-09 18:18:36:1836 [35mhttp[39m: [35m::1 GET /auth/register 404 152 - 1.423 ms[39m
[35m[39m
2024-06-09 18:18:43:1843 [35mhttp[39m: [35m::1 POST /auth/register 409 506 - 12.026 ms[39m
[35m[39m
2024-06-09 18:18:52:1852 [35mhttp[39m: [35m::1 POST /auth/register 200 148 - 92.764 ms[39m
[35m[39m
2024-06-09 18:19:47:1947 [35mhttp[39m: [35m::1 POST /auth/register 400 464 - 4.152 ms[39m
[35m[39m
2024-06-09 18:19:53:1953 [35mhttp[39m: [35m::1 POST /auth/register 200 156 - 98.525 ms[39m
[35m[39m
2024-06-09 18:21:01:211 [35mhttp[39m: [35m::1 POST /auth/login 401 1503 - 4.609 ms[39m
[35m[39m
2024-06-09 18:27:31:2731 [32minfo[39m: [32mServer is running on port 9000[39m
2024-06-09 18:27:46:2746 [35mhttp[39m: [35m::1 POST /auth/login 401 1503 - 5.866 ms[39m
2024-06-09 18:33:12:3312 [32minfo[39m: [32mServer is running on port 9000[39m
2024-06-09 18:34:13:3413 [32minfo[39m: [32mServer is running on port 9000[39m
2024-06-09 18:34:22:3422 [32minfo[39m: [32mServer is running on port 9000[39m
2024-06-09 18:35:38:3538 [32minfo[39m: [32mServer is running on port 9000[39m
2024-06-09 18:36:12:3612 [32minfo[39m: [32mServer is running on port 9000[39m
2024-06-09 18:37:24:3724 [32minfo[39m: [32mServer is running on port 9000[39m
2024-06-09 18:39:13:3913 [32minfo[39m: [32mServer is running on port 9000[39m
2024-06-09 18:40:44:4044 [32minfo[39m: [32mServer is running on port 9000[39m
2024-06-10 05:44:06:446 [35mhttp[39m: [35m::1 POST /auth/register 500 2112 - 167.164 ms[39m
2024-06-10 05:45:18:4518 [35mhttp[39m: [35m::1 POST /auth/register 200 196 - 144.653 ms[39m
2024-06-10 05:46:55:4655 [35mhttp[39m: [35m::1 POST /auth/register 400 416 - 6.892 ms[39m
2024-06-10 05:47:13:4713 [35mhttp[39m: [35m::1 POST /auth/register 400 473 - 8.973 ms[39m
2024-06-10 05:47:17:4717 [35mhttp[39m: [35m::1 POST /auth/register 200 208 - 147.445 ms[39m
2024-06-10 05:47:35:4735 [35mhttp[39m: [35m::1 POST /auth/register 404 153 - 1.056 ms[39m
2024-06-10 05:47:54:4754 [32minfo[39m: [32mServer running on port 9000 [39m
2024-06-10 05:48:36:4836 [32minfo[39m: [32mServer running on port 9000 [39m
2024-06-10 05:48:39:4839 [32minfo[39m: [32mServer running on port 9000 [39m
2024-06-10 05:48:41:4841 [32minfo[39m: [32mServer running on port 9000 [39m
2024-06-10 05:48:56:4856 [32minfo[39m: [32mServer running on port 9000 [39m
2024-06-10 05:49:01:491 [32minfo[39m: [32mServer running on port 9000 [39m
2024-06-10 05:49:04:494 [32minfo[39m: [32mServer running on port 9000 [39m
2024-06-10 05:49:12:4912 [32minfo[39m: [32mRegistering route: POST /auth/register[39m
2024-06-10 05:49:12:4912 [32minfo[39m: [32mRegistering route: POST /auth/login[39m
2024-06-10 05:49:12:4912 [32minfo[39m: [32mRegistering route: POST /auth/refresh-token[39m
2024-06-10 05:49:12:4912 [32minfo[39m: [32mRegistering route: GET /users/[39m
2024-06-10 05:49:12:4912 [32minfo[39m: [32mRegistering route: POST /users/[39m
2024-06-10 05:49:12:4912 [32minfo[39m: [32mServer running on port 9000 [39m
2024-06-10 05:50:59:5059 [32minfo[39m: [32mServer running on port 9000 [39m
2024-06-10 05:51:30:5130 [32minfo[39m: [32mServer running on port 9000 [39m
2024-06-10 05:52:04:524 [32minfo[39m: [32mServer running on port 9000 [39m
2024-06-10 05:52:08:528 [32minfo[39m: [32mServer running on port 9000 [39m
2024-06-10 05:52:31:5231 [32minfo[39m: [32mServer running on port 9000 [39m
2024-06-10 05:52:35:5235 [32minfo[39m: [32mServer running on port 9000 [39m
2024-06-10 05:52:54:5254 [32minfo[39m: [32mServer running on port 9000 [39m
2024-06-10 05:53:14:5314 [32minfo[39m: [32mServer running on port 9000 [39m
2024-06-10 05:53:20:5320 [32minfo[39m: [32mServer running on port 9000 [39m
2024-06-10 05:53:24:5324 [32minfo[39m: [32mServer running on port 9000 [39m
2024-06-10 05:53:44:5344 [32minfo[39m: [32mServer running on port 9000 [39m
2024-06-10 05:53:47:5347 [32minfo[39m: [32mServer running on port 9000 [39m
2024-06-10 05:53:50:5350 [32minfo[39m: [32mServer running on port 9000 [39m
2024-06-10 05:53:52:5352 [32minfo[39m: [32mServer running on port 9000 [39m
2024-06-10 05:53:58:5358 [35mhttp[39m: [35m::1 POST /auth/register 200 197 - 134.650 ms[39m
2024-06-10 05:54:01:541 [35mhttp[39m: [35m::1 GET /users 200 605 - 5.303 ms[39m
2024-06-10 05:54:08:548 [32minfo[39m: [32mServer running on port 9000 [39m
2024-06-10 05:54:32:5432 [32minfo[39m: [32mServer running on port 9000 [39m
2024-06-10 05:54:37:5437 [32minfo[39m: [32mServer running on port 9000 [39m
2024-06-10 05:54:39:5439 [35mhttp[39m: [35m::1 GET /users 200 605 - 37.490 ms[39m
2024-06-10 05:57:01:571 [32minfo[39m: [32mServer running on port 9000 [39m
2024-06-10 05:57:03:573 [32minfo[39m: [32mServer running on port 9000 [39m
2024-06-10 05:57:47:5747 [32minfo[39m: [32mServer running on port 9000 [39m
2024-06-10 05:57:49:5749 [32minfo[39m: [32mServer running on port 9000 [39m
2024-06-10 05:57:52:5752 [32minfo[39m: [32mServer running on port 9000 [39m
2024-06-10 05:59:50:5950 [32minfo[39m: [32mServer running on port 9000 [39m
2024-06-10 05:59:51:5951 [32minfo[39m: [32mServer running on port 9000 [39m
2024-06-10 05:59:53:5953 [32minfo[39m: [32mServer running on port 9000 [39m
2024-06-10 06:00:02:02 [32minfo[39m: [32mRegistering route: POST /auth/register[39m
2024-06-10 06:00:02:02 [32minfo[39m: [32mRegistering route: POST /auth/login[39m
2024-06-10 06:00:02:02 [32minfo[39m: [32mRegistering route: POST /auth/refresh-token[39m
2024-06-10 06:00:02:02 [32minfo[39m: [32mRegistering route: GET /users/[39m
2024-06-10 06:00:02:02 [32minfo[39m: [32mRegistering route: POST /users/[39m
2024-06-10 06:00:02:02 [32minfo[39m: [32mServer running on port 9000 [39m
2024-06-10 06:00:12:012 [32minfo[39m: [32mRegistering route: POST /auth/register[39m
2024-06-10 06:00:12:012 [32minfo[39m: [32mRegistering route: POST /auth/login[39m
2024-06-10 06:00:12:012 [32minfo[39m: [32mRegistering route: POST /auth/refresh-token[39m
2024-06-10 06:00:12:012 [32minfo[39m: [32mRegistering route: GET /users/[39m
2024-06-10 06:00:12:012 [32minfo[39m: [32mRegistering route: POST /users/[39m
2024-06-10 06:00:12:012 [32minfo[39m: [32mServer running on port 9000 [39m
2024-06-10 06:00:15:015 [32minfo[39m: [32mRegistering route: POST /auth/register[39m
2024-06-10 06:00:15:015 [32minfo[39m: [32mRegistering route: POST /auth/login[39m
2024-06-10 06:00:15:015 [32minfo[39m: [32mRegistering route: POST /auth/refresh-token[39m
2024-06-10 06:00:15:015 [32minfo[39m: [32mRegistering route: GET /users/[39m
2024-06-10 06:00:15:015 [32minfo[39m: [32mRegistering route: POST /users/[39m
2024-06-10 06:00:15:015 [32minfo[39m: [32mServer running on port 9000 [39m
2024-06-10 06:00:17:017 [32minfo[39m: [32mRegistering route: POST /auth/register[39m
2024-06-10 06:00:17:017 [32minfo[39m: [32mRegistering route: POST /auth/login[39m
2024-06-10 06:00:17:017 [32minfo[39m: [32mRegistering route: POST /auth/refresh-token[39m
2024-06-10 06:00:17:017 [32minfo[39m: [32mRegistering route: GET /users/[39m
2024-06-10 06:00:17:017 [32minfo[39m: [32mRegistering route: POST /users/[39m
2024-06-10 06:00:17:017 [32minfo[39m: [32mServer running on port 9000 [39m
2024-06-10 06:14:32:1432 [32minfo[39m: [32mRegistering route: POST /auth/register[39m
2024-06-10 06:14:32:1432 [32minfo[39m: [32mRegistering route: POST /auth/login[39m
2024-06-10 06:14:32:1432 [32minfo[39m: [32mRegistering route: POST /auth/refresh-token[39m
2024-06-10 06:14:32:1432 [32minfo[39m: [32mRegistering route: GET /users/[39m
2024-06-10 06:14:32:1432 [32minfo[39m: [32mRegistering route: POST /users/[39m
2024-06-10 06:14:32:1432 [32minfo[39m: [32mServer running on port 9000 [39m
2024-06-10 06:14:47:1447 [32minfo[39m: [32mRegistering route: POST /auth/register[39m
2024-06-10 06:14:47:1447 [32minfo[39m: [32mRegistering route: POST /auth/login[39m
2024-06-10 06:14:47:1447 [32minfo[39m: [32mRegistering route: POST /auth/refresh-token[39m
2024-06-10 06:14:47:1447 [32minfo[39m: [32mRegistering route: GET /users/[39m
2024-06-10 06:14:47:1447 [32minfo[39m: [32mRegistering route: POST /users/[39m
2024-06-10 06:14:47:1447 [32minfo[39m: [32mServer running on port 9000 [39m
2024-06-10 06:14:54:1454 [32minfo[39m: [32mRegistering route: POST /auth/register[39m
2024-06-10 06:14:54:1454 [32minfo[39m: [32mRegistering route: POST /auth/login[39m
2024-06-10 06:14:54:1454 [32minfo[39m: [32mRegistering route: POST /auth/refresh-token[39m
2024-06-10 06:14:54:1454 [32minfo[39m: [32mRegistering route: GET /users/[39m
2024-06-10 06:14:54:1454 [32minfo[39m: [32mRegistering route: POST /users/[39m
2024-06-10 06:14:54:1454 [32minfo[39m: [32mServer running on port 9000 [39m
2024-06-10 06:14:58:1458 [32minfo[39m: [32mRegistering route: POST /auth/register[39m
2024-06-10 06:14:58:1458 [32minfo[39m: [32mRegistering route: POST /auth/login[39m
2024-06-10 06:14:58:1458 [32minfo[39m: [32mRegistering route: POST /auth/refresh-token[39m
2024-06-10 06:14:58:1458 [32minfo[39m: [32mRegistering route: GET /users/[39m
2024-06-10 06:14:58:1458 [32minfo[39m: [32mRegistering route: POST /users/[39m
2024-06-10 06:14:58:1458 [32minfo[39m: [32mServer running on port 9000 [39m
2024-06-10 06:15:04:154 [32minfo[39m: [32mRegistering route: POST /auth/register[39m
2024-06-10 06:15:04:154 [32minfo[39m: [32mRegistering route: POST /auth/login[39m
2024-06-10 06:15:04:154 [32minfo[39m: [32mRegistering route: POST /auth/refresh-token[39m
2024-06-10 06:15:04:154 [32minfo[39m: [32mRegistering route: GET /users/[39m
2024-06-10 06:15:04:154 [32minfo[39m: [32mRegistering route: POST /users/[39m
2024-06-10 06:15:04:154 [32minfo[39m: [32mServer running on port 9000 [39m
2024-06-10 06:15:06:156 [32minfo[39m: [32mRegistering route: POST /auth/register[39m
2024-06-10 06:15:06:156 [32minfo[39m: [32mRegistering route: POST /auth/login[39m
2024-06-10 06:15:06:156 [32minfo[39m: [32mRegistering route: POST /auth/refresh-token[39m
2024-06-10 06:15:06:156 [32minfo[39m: [32mRegistering route: GET /users/[39m
2024-06-10 06:15:06:156 [32minfo[39m: [32mRegistering route: POST /users/[39m
2024-06-10 06:15:06:156 [32minfo[39m: [32mServer running on port 9000 [39m
2024-06-10 06:15:10:1510 [32minfo[39m: [32mRegistering route: POST /auth/register[39m
2024-06-10 06:15:10:1510 [32minfo[39m: [32mRegistering route: POST /auth/login[39m
2024-06-10 06:15:10:1510 [32minfo[39m: [32mRegistering route: POST /auth/refresh-token[39m
2024-06-10 06:15:10:1510 [32minfo[39m: [32mRegistering route: GET /users/[39m
2024-06-10 06:15:10:1510 [32minfo[39m: [32mRegistering route: POST /users/[39m
2024-06-10 06:15:10:1510 [32minfo[39m: [32mServer running on port 9000 [39m
2024-06-10 06:15:12:1512 [32minfo[39m: [32mRegistering route: POST /auth/register[39m
2024-06-10 06:15:12:1512 [32minfo[39m: [32mRegistering route: POST /auth/login[39m
2024-06-10 06:15:12:1512 [32minfo[39m: [32mRegistering route: POST /auth/refresh-token[39m
2024-06-10 06:15:12:1512 [32minfo[39m: [32mRegistering route: GET /users/[39m
2024-06-10 06:15:12:1512 [32minfo[39m: [32mRegistering route: POST /users/[39m
2024-06-10 06:15:12:1512 [32minfo[39m: [32mServer running on port 9000 [39m
2024-06-10 06:15:20:1520 [32minfo[39m: [32mRegistering route: POST /auth/register[39m
2024-06-10 06:15:20:1520 [32minfo[39m: [32mRegistering route: POST /auth/login[39m
2024-06-10 06:15:20:1520 [32minfo[39m: [32mRegistering route: POST /auth/refresh-token[39m
2024-06-10 06:15:20:1520 [32minfo[39m: [32mRegistering route: GET /users/[39m
2024-06-10 06:15:20:1520 [32minfo[39m: [32mRegistering route: POST /users/[39m
2024-06-10 06:15:20:1520 [32minfo[39m: [32mServer running on port 9000 [39m
2024-06-10 06:15:23:1523 [32minfo[39m: [32mRegistering route: POST /auth/register[39m
2024-06-10 06:15:23:1523 [32minfo[39m: [32mRegistering route: POST /auth/login[39m
2024-06-10 06:15:23:1523 [32minfo[39m: [32mRegistering route: POST /auth/refresh-token[39m
2024-06-10 06:15:23:1523 [32minfo[39m: [32mRegistering route: GET /users/[39m
2024-06-10 06:15:23:1523 [32minfo[39m: [32mRegistering route: POST /users/[39m
2024-06-10 06:15:23:1523 [32minfo[39m: [32mServer running on port 9000 [39m
2024-06-10 06:15:44:1544 [35mhttp[39m: [35m::1 GET /users 200 605 - 54.939 ms[39m
2024-06-10 06:15:51:1551 [32minfo[39m: [32mRegistering route: POST /auth/register[39m
2024-06-10 06:15:51:1551 [32minfo[39m: [32mRegistering route: POST /auth/login[39m
2024-06-10 06:15:51:1551 [32minfo[39m: [32mRegistering route: POST /auth/refresh-token[39m
2024-06-10 06:15:51:1551 [32minfo[39m: [32mRegistering route: GET /users/[39m
2024-06-10 06:15:51:1551 [32minfo[39m: [32mRegistering route: POST /users/[39m
2024-06-10 06:15:51:1551 [32minfo[39m: [32mServer running on port 9000 [39m
2024-06-10 06:16:13:1613 [32minfo[39m: [32mRegistering route: POST /auth/register[39m
2024-06-10 06:16:13:1613 [32minfo[39m: [32mRegistering route: POST /auth/login[39m
2024-06-10 06:16:13:1613 [32minfo[39m: [32mRegistering route: POST /auth/refresh-token[39m
2024-06-10 06:16:13:1613 [32minfo[39m: [32mRegistering route: GET /users/[39m
2024-06-10 06:16:13:1613 [32minfo[39m: [32mRegistering route: POST /users/[39m
2024-06-10 06:16:13:1613 [32minfo[39m: [32mServer running on port 9000 [39m
2024-06-10 06:16:18:1618 [35mhttp[39m: [35m::1 GET /users 200 605 - 37.840 ms[39m
2024-06-10 06:23:33:2333 [32minfo[39m: [32mRegistering route: POST /auth/register[39m
2024-06-10 06:23:33:2333 [32minfo[39m: [32mRegistering route: POST /auth/login[39m
2024-06-10 06:23:33:2333 [32minfo[39m: [32mRegistering route: POST /auth/refresh-token[39m
2024-06-10 06:23:33:2333 [32minfo[39m: [32mRegistering route: GET /users/[39m
2024-06-10 06:23:33:2333 [32minfo[39m: [32mRegistering route: POST /users/[39m
2024-06-10 06:23:33:2333 [32minfo[39m: [32mServer running on port 9000 [39m
2024-06-10 06:27:59:2759 [32minfo[39m: [32mRegistering route: POST /auth/register[39m
2024-06-10 06:27:59:2759 [32minfo[39m: [32mRegistering route: POST /auth/login[39m
2024-06-10 06:27:59:2759 [32minfo[39m: [32mRegistering route: POST /auth/refresh-token[39m
2024-06-10 06:27:59:2759 [32minfo[39m: [32mRegistering route: GET /users/[39m
2024-06-10 06:27:59:2759 [32minfo[39m: [32mRegistering route: POST /users/[39m
2024-06-10 06:27:59:2759 [32minfo[39m: [32mServer running on port 9000 [39m
2024-06-10 06:34:53:3453 [32minfo[39m: [32mRegistering route: POST /auth/register[39m
2024-06-10 06:34:53:3453 [32minfo[39m: [32mRegistering route: POST /auth/login[39m
2024-06-10 06:34:53:3453 [32minfo[39m: [32mRegistering route: POST /auth/refresh-token[39m
2024-06-10 06:34:53:3453 [32minfo[39m: [32mRegistering route: GET /users/[39m
2024-06-10 06:34:53:3453 [32minfo[39m: [32mRegistering route: POST /users/[39m
2024-06-10 06:34:53:3453 [32minfo[39m: [32mServer running on port 9000 [39m
2024-06-10 06:34:54:3454 [32minfo[39m: [32mRegistering route: POST /auth/register[39m
2024-06-10 06:34:54:3454 [32minfo[39m: [32mRegistering route: POST /auth/login[39m
2024-06-10 06:34:54:3454 [32minfo[39m: [32mRegistering route: POST /auth/refresh-token[39m
2024-06-10 06:34:54:3454 [32minfo[39m: [32mRegistering route: GET /users/[39m
2024-06-10 06:34:54:3454 [32minfo[39m: [32mRegistering route: POST /users/[39m
2024-06-10 06:34:54:3454 [32minfo[39m: [32mServer running on port 9000 [39m
2024-06-10 06:44:56:4456 [32minfo[39m: [32mRegistering route: POST /auth/register[39m
2024-06-10 06:44:56:4456 [32minfo[39m: [32mRegistering route: POST /auth/login[39m
2024-06-10 06:44:56:4456 [32minfo[39m: [32mRegistering route: POST /auth/refresh-token[39m
2024-06-10 06:44:56:4456 [32minfo[39m: [32mRegistering route: GET /users/[39m
2024-06-10 06:44:56:4456 [32minfo[39m: [32mRegistering route: POST /users/[39m
2024-06-10 06:44:56:4456 [32minfo[39m: [32mServer running on port 9000 [39m
